<?xml version="1.0" encoding="UTF-8"?>
<!-- Generated by org.testng.reporters.JUnitReportReporter -->
<testsuite hostname="DESKTOP-IEGVDB6" failures="0" tests="1" name="testCases.Footer_TestCase" time="50.684" errors="0" timestamp="2023-03-14T17:39:59 IST" skipped="0">
  <testcase classname="testCases.Footer_TestCase" name="verifyFooter" time="50.684"/>
  <system-out/>
</testsuite> <!-- testCases.Footer_TestCase -->
