<?xml version="1.0" encoding="UTF-8"?>
<!-- Generated by org.testng.reporters.JUnitReportReporter -->
<testsuite hostname="DESKTOP-IEGVDB6" failures="0" tests="1" name="testCases.MainMenu_TestCase" time="72.904" errors="0" timestamp="2023-03-14T17:39:59 IST" skipped="0">
  <testcase classname="testCases.MainMenu_TestCase" name="verifyMainMenu" time="72.904"/>
  <system-out/>
</testsuite> <!-- testCases.MainMenu_TestCase -->
